<?xml version="1.0" encoding="utf-8"?><testsuites name="pytest tests"><testsuite name="pytest" errors="0" failures="0" skipped="0" tests="19" time="2.993" timestamp="2026-01-04T22:38:35.705201+00:00" hostname="agent-env-06db1809-be37-4e84-b89e-c1db410b7e73"><testcase classname="tests.test_phase3_features.TestAdminAuthentication" name="test_admin_login_success" time="0.293" /><testcase classname="tests.test_phase3_features.TestAdminAuthentication" name="test_admin_login_invalid_credentials" time="0.038" /><testcase classname="tests.test_phase3_features.TestRolesAPI" name="test_get_roles" time="0.398" /><testcase classname="tests.test_phase3_features.TestRolesAPI" name="test_get_permissions" time="0.038" /><testcase classname="tests.test_phase3_features.TestRolesAPI" name="test_get_user_permissions" time="0.083" /><testcase classname="tests.test_phase3_features.TestRolesAPI" name="test_update_user_role" time="0.213" /><testcase classname="tests.test_phase3_features.TestRolesAPI" name="test_update_role_invalid" time="0.086" /><testcase classname="tests.test_phase3_features.TestRolesAPI" name="test_roles_unauthorized" time="0.040" /><testcase classname="tests.test_phase3_features.TestDiscountsAPI" name="test_get_discounts" time="0.043" /><testcase classname="tests.test_phase3_features.TestDiscountsAPI" name="test_create_discount_with_enhanced_fields" time="0.046" /><testcase classname="tests.test_phase3_features.TestDiscountsAPI" name="test_create_first_purchase_only_discount" time="0.039" /><testcase classname="tests.test_phase3_features.TestDiscountsAPI" name="test_create_min_items_discount" time="0.036" /><testcase classname="tests.test_phase3_features.TestApplyDiscount" name="test_apply_valid_discount" time="0.347" /><testcase classname="tests.test_phase3_features.TestApplyDiscount" name="test_apply_discount_max_cap" time="0.332" /><testcase classname="tests.test_phase3_features.TestApplyDiscount" name="test_apply_discount_min_items_fail" time="0.337" /><testcase classname="tests.test_phase3_features.TestApplyDiscount" name="test_apply_invalid_discount" time="0.297" /><testcase classname="tests.test_phase3_features.TestTelegramSettings" name="test_get_telegram_settings" time="0.036" /><testcase classname="tests.test_phase3_features.TestTelegramSettings" name="test_telegram_unauthorized" time="0.033" /><testcase classname="tests.test_phase3_features.TestRolesPageIntegration" name="test_roles_page_data_structure" time="0.123" /></testsuite></testsuites>