<?xml version="1.0" encoding="utf-8"?><testsuites name="pytest tests"><testsuite name="pytest" errors="0" failures="0" skipped="0" tests="17" time="1.404" timestamp="2026-01-04T22:19:31.275729+00:00" hostname="agent-env-06db1809-be37-4e84-b89e-c1db410b7e73"><testcase classname="tests.test_phase2_features.TestAdminAuth" name="test_admin_login_success" time="0.293" /><testcase classname="tests.test_phase2_features.TestAdminAuth" name="test_admin_login_invalid_credentials" time="0.040" /><testcase classname="tests.test_phase2_features.TestAdvancedOrdersManagement" name="test_get_advanced_orders" time="0.343" /><testcase classname="tests.test_phase2_features.TestAdvancedOrdersManagement" name="test_get_advanced_orders_with_status_filter" time="0.040" /><testcase classname="tests.test_phase2_features.TestAdvancedOrdersManagement" name="test_get_advanced_orders_pagination" time="0.034" /><testcase classname="tests.test_phase2_features.TestAdvancedOrdersManagement" name="test_get_advanced_orders_unauthorized" time="0.035" /><testcase classname="tests.test_phase2_features.TestBasicOrdersEndpoint" name="test_get_basic_orders" time="0.040" /><testcase classname="tests.test_phase2_features.TestAnalyticsDashboard" name="test_get_analytics_overview" time="0.045" /><testcase classname="tests.test_phase2_features.TestAnalyticsDashboard" name="test_get_analytics_chart" time="0.042" /><testcase classname="tests.test_phase2_features.TestAnalyticsDashboard" name="test_analytics_unauthorized" time="0.074" /><testcase classname="tests.test_phase2_features.TestDisputesManagement" name="test_get_disputes" time="0.036" /><testcase classname="tests.test_phase2_features.TestDisputesManagement" name="test_get_disputes_with_status_filter" time="0.038" /><testcase classname="tests.test_phase2_features.TestDisputesManagement" name="test_disputes_unauthorized" time="0.076" /><testcase classname="tests.test_phase2_features.TestAuditLogs" name="test_get_audit_logs" time="0.038" /><testcase classname="tests.test_phase2_features.TestAuditLogs" name="test_get_audit_logs_pagination" time="0.036" /><testcase classname="tests.test_phase2_features.TestAuditLogs" name="test_audit_logs_unauthorized" time="0.035" /><testcase classname="tests.test_phase2_features.TestAdminStats" name="test_get_admin_stats" time="0.038" /></testsuite></testsuites>