<?xml version="1.0" encoding="utf-8"?><testsuites name="pytest tests"><testsuite name="pytest" errors="0" failures="0" skipped="0" tests="15" time="2.726" timestamp="2026-01-11T19:01:34.936164+00:00" hostname="agent-env-0346d3a7-8d88-48dc-a15a-5a6eb915e5b9"><testcase classname="tests.test_gamelo_api.TestHealthCheck" name="test_health_endpoint" time="0.083" /><testcase classname="tests.test_gamelo_api.TestAuthentication" name="test_admin_login_success" time="0.259" /><testcase classname="tests.test_gamelo_api.TestAuthentication" name="test_login_invalid_credentials" time="0.042" /><testcase classname="tests.test_gamelo_api.TestAuthentication" name="test_forgot_password_endpoint" time="0.275" /><testcase classname="tests.test_gamelo_api.TestAuthentication" name="test_forgot_password_nonexistent_email" time="0.042" /><testcase classname="tests.test_gamelo_api.TestCategories" name="test_get_categories" time="0.035" /><testcase classname="tests.test_gamelo_api.TestProducts" name="test_get_products" time="0.074" /><testcase classname="tests.test_gamelo_api.TestProducts" name="test_get_products_by_category" time="0.077" /><testcase classname="tests.test_gamelo_api.TestProducts" name="test_get_featured_products" time="0.051" /><testcase classname="tests.test_gamelo_api.TestAdminEndpoints" name="test_get_admin_stats" time="0.336" /><testcase classname="tests.test_gamelo_api.TestAdminEndpoints" name="test_get_admin_products" time="0.334" /><testcase classname="tests.test_gamelo_api.TestAdminEndpoints" name="test_create_product" time="0.385" /><testcase classname="tests.test_gamelo_api.TestAdminEndpoints" name="test_get_admin_categories" time="0.334" /><testcase classname="tests.test_gamelo_api.TestAdminEndpoints" name="test_unauthorized_access" time="0.291" /><testcase classname="tests.test_gamelo_api.TestPasswordReset" name="test_reset_password_invalid_otp" time="0.038" /></testsuite></testsuites>