<?xml version="1.0" encoding="utf-8"?><testsuites name="pytest tests"><testsuite name="pytest" errors="0" failures="0" skipped="0" tests="15" time="2.946" timestamp="2026-01-11T19:50:22.617595+00:00" hostname="agent-env-0346d3a7-8d88-48dc-a15a-5a6eb915e5b9"><testcase classname="tests.test_gamelo_api.TestHealthCheck" name="test_health_endpoint" time="0.062" /><testcase classname="tests.test_gamelo_api.TestAuthentication" name="test_admin_login_success" time="0.301" /><testcase classname="tests.test_gamelo_api.TestAuthentication" name="test_login_invalid_credentials" time="0.042" /><testcase classname="tests.test_gamelo_api.TestAuthentication" name="test_forgot_password_endpoint" time="0.392" /><testcase classname="tests.test_gamelo_api.TestAuthentication" name="test_forgot_password_nonexistent_email" time="0.075" /><testcase classname="tests.test_gamelo_api.TestCategories" name="test_get_categories" time="0.036" /><testcase classname="tests.test_gamelo_api.TestProducts" name="test_get_products" time="0.091" /><testcase classname="tests.test_gamelo_api.TestProducts" name="test_get_products_by_category" time="0.061" /><testcase classname="tests.test_gamelo_api.TestProducts" name="test_get_featured_products" time="0.044" /><testcase classname="tests.test_gamelo_api.TestAdminEndpoints" name="test_get_admin_stats" time="0.303" /><testcase classname="tests.test_gamelo_api.TestAdminEndpoints" name="test_get_admin_products" time="0.349" /><testcase classname="tests.test_gamelo_api.TestAdminEndpoints" name="test_create_product" time="0.375" /><testcase classname="tests.test_gamelo_api.TestAdminEndpoints" name="test_get_admin_categories" time="0.321" /><testcase classname="tests.test_gamelo_api.TestAdminEndpoints" name="test_unauthorized_access" time="0.342" /><testcase classname="tests.test_gamelo_api.TestPasswordReset" name="test_reset_password_invalid_otp" time="0.044" /></testsuite></testsuites>